<?xml version="1.0" encoding="UTF-8"?>
<!-- Generated by org.testng.reporters.JUnitReportReporter -->
<testsuite skipped="0" hostname="Saltsides-MacBook-Pro.local" name="automationFramework.subshop_serpTest" tests="1" failures="0" timestamp="19 Apr 2018 06:19:07 GMT" time="6.986" errors="0">
  <testcase name="main" time="6.986" classname="automationFramework.subshop_serpTest"/>
</testsuite> <!-- automationFramework.subshop_serpTest -->
