<?xml version="1.0" encoding="UTF-8"?>
<!-- Generated by org.testng.reporters.JUnitReportReporter -->
<testsuite skipped="0" hostname="Saltsides-MacBook-Pro.local" name="automationFramework.POM_TC_1Test" tests="1" failures="0" timestamp="17 Apr 2018 10:18:40 GMT" time="10.115" errors="0">
  <testcase name="main" time="10.115" classname="automationFramework.POM_TC_1Test"/>
</testsuite> <!-- automationFramework.POM_TC_1Test -->
