<?xml version="1.0" encoding="UTF-8"?>
<!-- Generated by org.testng.reporters.JUnitReportReporter -->
<testsuite skipped="0" hostname="Saltsides-MacBook-Pro.local" name="automationFramework.Login1" tests="1" failures="0" timestamp="23 Apr 2018 04:47:16 GMT" time="13.641" errors="0">
  <testcase name="verify_login" time="13.641" classname="automationFramework.Login1"/>
</testsuite> <!-- automationFramework.Login1 -->
