<?xml version="1.0" encoding="UTF-8"?>
<!-- Generated by org.testng.reporters.JUnitReportReporter -->
<testsuite skipped="0" hostname="Saltsides-MacBook-Pro.local" name="automationFramework.ReadFileData" tests="1" failures="0" timestamp="18 Apr 2018 05:47:20 GMT" time="18.769" errors="0">
  <testcase name="Login" time="18.769" classname="automationFramework.ReadFileData"/>
</testsuite> <!-- automationFramework.ReadFileData -->
