<?xml version="1.0" encoding="UTF-8"?>
<!-- Generated by org.testng.reporters.JUnitReportReporter -->
<testsuite skipped="0" hostname="Saltsides-MacBook-Pro.local" name="automationFramework.SampleTest" tests="2" failures="0" timestamp="23 Apr 2018 04:46:36 GMT" time="16.651" errors="0">
  <testcase name="verify_login" time="5.791" classname="automationFramework.SampleTest"/>
  <testcase name="verify_serp_data" time="10.860" classname="automationFramework.SampleTest"/>
</testsuite> <!-- automationFramework.SampleTest -->
